27-06-2019 12:04:24: Server is Initialized, 192.168.200.1:10000
27-06-2019 12:04:24: Server Waiting...
27-06-2019 12:04:28: Finishing...
27-06-2019 12:04:28: All Students are alerted to Finish now!
27-06-2019 12:04:24: Server is Initialized, 192.168.200.1:10000
27-06-2019 12:04:24: Server Waiting...
27-06-2019 12:04:28: Finishing...
27-06-2019 12:04:28: All Students are alerted to Finish now!
27-06-2019 12:04:41: Finished and Recorded !
27-06-2019 12:04:24: Server is Initialized, 192.168.200.1:10000
27-06-2019 12:04:24: Server Waiting...
27-06-2019 12:04:28: Finishing...
27-06-2019 12:04:28: All Students are alerted to Finish now!
27-06-2019 12:04:41: Finished and Recorded !
27-06-2019 12:18:09: Finished and Recorded !
27-06-2019 12:19:17: Sending...
27-06-2019 12:19:17: Exam Sheets are sent to 'Ready' and 'Resume' Students
27-06-2019 12:21:09: New Client has been joined, socketID = 1
27-06-2019 12:21:09: Server Waiting...
27-06-2019 12:24:17: Start Taking Backup for All Students...
27-06-2019 12:24:17: copy-DDD2
27-06-2019 12:24:48: Start Taking Backup for All Students...
27-06-2019 12:24:48: copy-DDD2
27-06-2019 12:24:54: Start Taking Backup for All Students...
27-06-2019 12:24:54: copy-DDD2
27-06-2019 12:24:59: Start Taking Backup for All Students...
27-06-2019 12:24:59: copy-DDD2
27-06-2019 12:25:03: Start Taking Backup for All Students...
27-06-2019 12:25:03: copy-DDD2
27-06-2019 12:25:06: Start Taking Backup for All Students...
27-06-2019 12:25:06: copy-DDD2
27-06-2019 12:25:08: Start Taking Backup for All Students...
27-06-2019 12:25:08: copy-DDD2
27-06-2019 12:25:29: Final Copy has been taken from ffe
27-06-2019 12:25:29: Finished -> ffe
27-06-2019 12:25:30: CuttOff happend with ffe
27-06-2019 12:49:42: Start Taking Backup for All Students...
27-06-2019 12:50:09: Finishing...
27-06-2019 12:50:09: All Students are alerted to Finish now!
05-07-2019 09:37:18: Server is Initialized, 192.168.200.1:10000
05-07-2019 09:37:18: Server Waiting...
05-07-2019 09:37:26: New Client has been joined, socketID = 1
05-07-2019 09:37:26: Server Waiting...
05-07-2019 09:37:29: Sending...
05-07-2019 09:37:29: Exam Sheets are sent to 'Ready' and 'Resume' Students
05-07-2019 09:39:16: Finishing...
05-07-2019 09:39:16: All Students are alerted to Finish now!
05-07-2019 09:39:17: Final Copy has been taken from Sami Alfattani
05-07-2019 09:39:17: Finished -> Sami Alfattani
05-07-2019 09:39:17: CuttOff happend with Sami Alfattani
05-07-2019 09:48:55: Server is Initialized, 192.168.200.1:10000
05-07-2019 09:48:55: Server Waiting...
05-07-2019 09:49:03: New Client has been joined, socketID = 1
05-07-2019 09:49:03: Server Waiting...
05-07-2019 09:49:21: Sending...
05-07-2019 09:49:21: Exam Sheets are sent to 'Ready' and 'Resume' Students
05-07-2019 09:49:37: New Client has been joined, socketID = 2
05-07-2019 09:49:37: Server Waiting...
05-07-2019 09:50:37: CuttOff happend with Sami Alfattani
05-07-2019 09:50:48: CuttOff happend with Sami sdfff
05-07-2019 09:51:09: Finishing...
05-07-2019 09:51:09: All Students are alerted to Finish now!
